<?xml version="1.0" encoding="UTF-8"?>
<!-- Generated by org.testng.reporters.JUnitReportReporter -->
<testsuite hostname="LAPTOP-QGAOS24U" failures="0" tests="1" name="com.ictkerala.scripts.TestClass" time="3.905" errors="0" timestamp="2023-09-30T14:53:55 IST" skipped="0">
  <testcase classname="com.ictkerala.scripts.TestClass" name="verifyInValidPasswordAdminLogin" time="3.905"/>
</testsuite> <!-- com.ictkerala.scripts.TestClass -->
