<?xml version="1.0" encoding="UTF-8"?>
<!-- Generated by org.testng.reporters.JUnitReportReporter -->
<testsuite hostname="LAPTOP-QGAOS24U" failures="0" tests="1" name="com.ictkerala.scripts.TestClass1" time="4.720" errors="0" timestamp="2023-09-30T14:58:18 IST" skipped="0">
  <testcase classname="com.ictkerala.scripts.TestClass1" name="BlankEmail" time="4.720"/>
</testsuite> <!-- com.ictkerala.scripts.TestClass1 -->
